TN:
SF:server.js
FN:4,_interopRequireDefault
FNF:1
FNH:1
FNDA:2,_interopRequireDefault
DA:1,1
DA:2,1
DA:3,1
DA:4,1
DA:5,1
DA:6,1
DA:7,1
DA:8,1
DA:9,1
DA:10,1
DA:11,1
DA:12,1
DA:13,1
LF:13
LH:13
BRDA:8,0,0,0
BRDA:4,1,0,2
BRDA:4,2,0,1
BRDA:4,3,0,1
BRDA:13,4,0,1
BRF:5
BRH:4
end_of_record
TN:
SF:config\db.js
FN:4,connectToMongoDB
FNF:1
FNH:1
FNDA:1,connectToMongoDB
DA:1,1
DA:2,1
DA:3,1
DA:4,1
DA:5,1
DA:6,1
DA:7,1
DA:8,1
DA:9,0
DA:10,0
DA:11,1
DA:12,1
DA:13,1
LF:13
LH:11
BRDA:4,0,0,1
BRDA:8,1,0,0
BRF:2
BRH:1
end_of_record
TN:
SF:controllers\main-controller.js
FN:4,addNew
FN:15,getAll
FN:26,getTask
FN:38,updateTask
FN:50,deleteTask
FNF:5
FNH:3
FNDA:1,addNew
FNDA:1,getAll
FNDA:1,getTask
FNDA:0,updateTask
FNDA:0,deleteTask
DA:1,1
DA:2,1
DA:3,1
DA:4,1
DA:5,1
DA:6,1
DA:7,1
DA:8,1
DA:9,0
DA:10,0
DA:11,0
DA:12,1
DA:13,1
DA:14,1
DA:15,1
DA:16,1
DA:17,1
DA:18,1
DA:19,1
DA:20,0
DA:21,0
DA:22,0
DA:23,1
DA:24,1
DA:25,1
DA:26,1
DA:27,1
DA:28,1
DA:29,1
DA:30,1
DA:31,1
DA:32,0
DA:33,0
DA:34,0
DA:35,1
DA:36,1
DA:37,1
DA:38,1
DA:39,0
DA:40,0
DA:41,0
DA:42,0
DA:43,0
DA:44,0
DA:45,0
DA:46,0
DA:47,0
DA:48,1
DA:49,1
DA:50,1
DA:51,0
DA:52,0
DA:53,0
DA:54,0
DA:55,0
DA:56,0
DA:57,0
DA:58,0
DA:59,0
LF:59
LH:32
BRDA:4,0,0,1
BRDA:8,1,0,0
BRDA:15,2,0,1
BRDA:19,3,0,0
BRDA:26,4,0,1
BRDA:31,5,0,0
BRF:6
BRH:3
end_of_record
TN:
SF:middlewares\input-validation-middleware.js
FN:2,inputValidationMiddleware
FN:52,isValidDateFormat
FNF:2
FNH:2
FNDA:2,inputValidationMiddleware
FNDA:2,isValidDateFormat
DA:1,1
DA:2,1
DA:3,2
DA:4,2
DA:5,2
DA:6,2
DA:7,2
DA:8,0
DA:9,0
DA:10,2
DA:11,2
DA:12,0
DA:13,0
DA:14,2
DA:15,2
DA:16,2
DA:17,0
DA:18,0
DA:19,2
DA:20,2
DA:21,0
DA:22,2
DA:23,2
DA:24,2
DA:25,2
DA:26,0
DA:27,0
DA:28,2
DA:29,2
DA:30,2
DA:31,2
DA:32,2
DA:33,0
DA:34,0
DA:35,0
DA:36,0
DA:37,2
DA:38,2
DA:39,2
DA:40,0
DA:41,0
DA:42,2
DA:43,2
DA:44,0
DA:45,0
DA:46,2
DA:47,2
DA:48,2
DA:49,2
DA:50,1
DA:51,1
DA:52,2
DA:53,2
DA:54,2
DA:55,2
LF:55
LH:38
BRDA:2,0,0,2
BRDA:7,1,0,0
BRDA:11,2,0,0
BRDA:16,3,0,0
BRDA:20,4,0,0
BRDA:25,5,0,0
BRDA:30,6,0,0
BRDA:32,7,0,0
BRDA:39,8,0,0
BRDA:43,9,0,0
BRDA:52,10,0,2
BRF:11
BRH:2
end_of_record
TN:
SF:middlewares\task-search-middleware.js
FN:4,taskSearchMiddleware
FNF:1
FNH:1
FNDA:3,taskSearchMiddleware
DA:1,1
DA:2,1
DA:3,1
DA:4,1
DA:5,3
DA:6,3
DA:7,3
DA:8,0
DA:9,0
DA:10,3
DA:11,3
DA:12,3
DA:13,3
DA:14,2
DA:15,2
DA:16,1
DA:17,1
DA:18,1
LF:18
LH:16
BRDA:4,0,0,3
BRDA:7,1,0,0
BRDA:13,2,0,2
BRDA:15,3,0,1
BRF:4
BRH:3
end_of_record
TN:
SF:routes\main-routes.js
FNF:0
FNH:0
DA:1,1
DA:2,1
DA:3,1
DA:4,1
DA:5,1
DA:6,1
DA:7,1
DA:8,1
DA:9,1
DA:10,1
DA:11,1
DA:12,1
DA:13,1
LF:13
LH:13
BRF:0
BRH:0
end_of_record
